<?xml version="1.0" encoding="UTF-8"?>
<testng-results ignored="0" total="1" passed="1" failed="0" skipped="0">
  <reporter-output>
  </reporter-output>
  <suite started-at="2023-10-04T17:30:59 IST" name="Suite" finished-at="2023-10-04T17:31:06 IST" duration-ms="6299">
    <groups>
    </groups>
    <test started-at="2023-10-04T17:30:59 IST" name="Test" finished-at="2023-10-04T17:31:06 IST" duration-ms="6299">
      <class name="com.Preeti_JenkinsAssignment.JenkinsSampleProject">
        <test-method signature="lauchBrowser(java.lang.String)[pri:0, instance:com.Preeti_JenkinsAssignment.JenkinsSampleProject@3b0fe47a]" started-at="2023-10-04T17:30:59 IST" name="lauchBrowser" finished-at="2023-10-04T17:31:06 IST" duration-ms="6227" status="PASS">
          <params>
            <param index="0">
              <value>
                <![CDATA[Edge]]>
              </value>
            </param>
          </params>
          <reporter-output>
          </reporter-output>
        </test-method> <!-- lauchBrowser -->
      </class> <!-- com.Preeti_JenkinsAssignment.JenkinsSampleProject -->
    </test> <!-- Test -->
  </suite> <!-- Suite -->
</testng-results>
